<?xml version="1.0" encoding="UTF-8"?>
<testng-results ignored="0" total="1" passed="0" failed="1" skipped="0">
  <reporter-output>
    <line>
      <![CDATA[Chrome launched]]>
    </line>
    <line>
      <![CDATA[Login to Application]]>
    </line>
    <line>
      <![CDATA[Navigate to Profile]]>
    </line>
    <line>
      <![CDATA[Update Resume]]>
    </line>
    <line>
      <![CDATA[Some issue has been detect, See ScreeShot under Screenshot folder]]>
    </line>
    <line>
      <![CDATA[Browser closed]]>
    </line>
  </reporter-output>
  <suite started-at="2025-02-07T16:51:00 IST" name="Suite" finished-at="2025-02-07T16:51:31 IST" duration-ms="31203">
    <groups>
    </groups>
    <test started-at="2025-02-07T16:51:00 IST" name="Test" finished-at="2025-02-07T16:51:31 IST" duration-ms="31203">
      <class name="scripts.UpdateResumeTest">
        <test-method is-config="true" signature="before()[pri:0, instance:scripts.UpdateResumeTest@59402b8f]" started-at="2025-02-07T16:51:00 IST" name="before" finished-at="2025-02-07T16:51:00 IST" duration-ms="214" status="PASS">
          <reporter-output>
          </reporter-output>
        </test-method> <!-- before -->
        <test-method is-config="true" signature="setUp(java.lang.String)[pri:0, instance:scripts.UpdateResumeTest@59402b8f]" started-at="2025-02-07T16:51:00 IST" name="setUp" finished-at="2025-02-07T16:51:05 IST" duration-ms="4890" status="PASS">
          <params>
            <param index="0">
              <value>
                <![CDATA[chrome]]>
              </value>
            </param>
          </params>
          <reporter-output>
            <line>
              <![CDATA[Chrome launched]]>
            </line>
          </reporter-output>
        </test-method> <!-- setUp -->
        <test-method signature="resumeUpdateProcess()[pri:0, instance:scripts.UpdateResumeTest@59402b8f]" started-at="2025-02-07T16:51:05 IST" name="resumeUpdateProcess" finished-at="2025-02-07T16:51:31 IST" duration-ms="26035" status="FAIL">
          <exception class="java.lang.AssertionError">
            <message>
              <![CDATA[expected [true] but found [false]]]>
            </message>
            <full-stacktrace>
              <![CDATA[java.lang.AssertionError: expected [true] but found [false]
at org.testng.Assert.fail(Assert.java:99)
at org.testng.Assert.failNotEquals(Assert.java:1037)
at org.testng.Assert.assertEqualsImpl(Assert.java:140)
at org.testng.Assert.assertEquals(Assert.java:122)
at org.testng.Assert.assertEquals(Assert.java:819)
at org.testng.Assert.assertEquals(Assert.java:829)
at pages.ProfilePage.updateResume(ProfilePage.java:41)
at scripts.UpdateResumeTest.resumeUpdateProcess(UpdateResumeTest.java:28)
at java.base/jdk.internal.reflect.DirectMethodHandleAccessor.invoke(DirectMethodHandleAccessor.java:103)
at java.base/java.lang.reflect.Method.invoke(Method.java:580)
at org.testng.internal.MethodInvocationHelper.invokeMethod(MethodInvocationHelper.java:133)
at org.testng.internal.TestInvoker.invokeMethod(TestInvoker.java:598)
at org.testng.internal.TestInvoker.invokeTestMethod(TestInvoker.java:173)
at org.testng.internal.MethodRunner.runInSequence(MethodRunner.java:46)
at org.testng.internal.TestInvoker$MethodInvocationAgent.invoke(TestInvoker.java:824)
at org.testng.internal.TestInvoker.invokeTestMethods(TestInvoker.java:146)
at org.testng.internal.TestMethodWorker.invokeTestMethods(TestMethodWorker.java:146)
at org.testng.internal.TestMethodWorker.run(TestMethodWorker.java:128)
at java.base/java.util.ArrayList.forEach(ArrayList.java:1596)
at org.testng.TestRunner.privateRun(TestRunner.java:794)
at org.testng.TestRunner.run(TestRunner.java:596)
at org.testng.SuiteRunner.runTest(SuiteRunner.java:377)
at org.testng.SuiteRunner.runSequentially(SuiteRunner.java:371)
at org.testng.SuiteRunner.privateRun(SuiteRunner.java:332)
at org.testng.SuiteRunner.run(SuiteRunner.java:276)
at org.testng.SuiteRunnerWorker.runSuite(SuiteRunnerWorker.java:53)
at org.testng.SuiteRunnerWorker.run(SuiteRunnerWorker.java:96)
at org.testng.TestNG.runSuitesSequentially(TestNG.java:1212)
at org.testng.TestNG.runSuitesLocally(TestNG.java:1134)
at org.testng.TestNG.runSuites(TestNG.java:1063)
at org.testng.TestNG.run(TestNG.java:1031)
at org.testng.remote.AbstractRemoteTestNG.run(AbstractRemoteTestNG.java:115)
at org.testng.remote.RemoteTestNG.initAndRun(RemoteTestNG.java:293)
at org.testng.remote.RemoteTestNG.main(RemoteTestNG.java:91)
]]>
            </full-stacktrace>
          </exception> <!-- java.lang.AssertionError -->
          <reporter-output>
            <line>
              <![CDATA[Login to Application]]>
            </line>
            <line>
              <![CDATA[Navigate to Profile]]>
            </line>
            <line>
              <![CDATA[Update Resume]]>
            </line>
          </reporter-output>
        </test-method> <!-- resumeUpdateProcess -->
        <test-method is-config="true" signature="postcondition(org.testng.ITestResult)[pri:0, instance:scripts.UpdateResumeTest@59402b8f]" started-at="2025-02-07T16:51:31 IST" name="postcondition" finished-at="2025-02-07T16:51:31 IST" duration-ms="235" status="PASS">
          <params>
            <param index="0">
              <value>
                <![CDATA[[TestResult name=resumeUpdateProcess status=FAILURE method=UpdateResumeTest.resumeUpdateProcess()[pri:0, instance:scripts.UpdateResumeTest@59402b8f] output=Login to Application]]]>
              </value>
            </param>
          </params>
          <reporter-output>
            <line>
              <![CDATA[Some issue has been detect, See ScreeShot under Screenshot folder]]>
            </line>
            <line>
              <![CDATA[Browser closed]]>
            </line>
          </reporter-output>
        </test-method> <!-- postcondition -->
        <test-method is-config="true" signature="endReport()[pri:0, instance:scripts.UpdateResumeTest@59402b8f]" started-at="2025-02-07T16:51:31 IST" name="endReport" finished-at="2025-02-07T16:51:32 IST" duration-ms="958" status="PASS">
          <reporter-output>
          </reporter-output>
        </test-method> <!-- endReport -->
      </class> <!-- scripts.UpdateResumeTest -->
    </test> <!-- Test -->
  </suite> <!-- Suite -->
</testng-results>
